<?xml version="1.0" encoding="UTF-8"?>
<!-- Generated by org.testng.reporters.JUnitXMLReporter -->
<testsuite hostname="PRINHYLTPHP0967" ignored="0" name="Command line test" tests="8" failures="0" timestamp="2020-01-09T18:09:18 IST" time="52.062" errors="0">
  <testcase name="googleSearch" time="5.893" classname="com.rahul.TestNGSampleTest"/>
  <testcase name="calender" time="2.766" classname="com.rahul.TestSavvyTimeConverterTest"/>
  <testcase name="fetchTime" time="0.051" classname="com.rahul.TestSavvyTimeConverterTest"/>
  <testcase name="setFirstCity" time="0.05" classname="com.rahul.TestSavvyTimeConverterTest"/>
  <testcase name="setSecondCity" time="0.051" classname="com.rahul.TestSavvyTimeConverterTest"/>
  <testcase name="verifyConvertorPage" time="0.043" classname="com.rahul.TestSavvyTimeConverterTest"/>
  <testcase name="verifyDeleteButton" time="1.688" classname="com.rahul.TestSavvyTimeConverterTest"/>
  <testcase name="verifySwapButton" time="1.459" classname="com.rahul.TestSavvyTimeConverterTest"/>
</testsuite> <!-- Command line test -->
