<?xml version="1.0" encoding="UTF-8"?>
<testng-results skipped="0" failed="0" ignored="0" total="8" passed="8">
  <reporter-output>
  </reporter-output>
  <suite name="Command line suite" duration-ms="52062" started-at="2020-01-09T18:08:25 IST" finished-at="2020-01-09T18:09:17 IST">
    <groups>
    </groups>
    <test name="Command line test" duration-ms="52062" started-at="2020-01-09T18:08:25 IST" finished-at="2020-01-09T18:09:17 IST">
      <class name="com.rahul.TestNGSampleTest">
        <test-method status="PASS" signature="googleSearch()[pri:0, instance:com.rahul.TestNGSampleTest@548e7350]" name="googleSearch" duration-ms="5893" started-at="2020-01-09T18:08:25 IST" finished-at="2020-01-09T18:08:31 IST">
          <reporter-output>
          </reporter-output>
        </test-method> <!-- googleSearch -->
      </class> <!-- com.rahul.TestNGSampleTest -->
      <class name="com.rahul.TestSavvyTimeConverterTest">
        <test-method status="PASS" signature="loadBrowser()[pri:0, instance:com.rahul.TestSavvyTimeConverterTest@1a968a59]" name="loadBrowser" is-config="true" duration-ms="3754" started-at="2020-01-09T18:08:31 IST" finished-at="2020-01-09T18:08:35 IST">
          <reporter-output>
          </reporter-output>
        </test-method> <!-- loadBrowser -->
        <test-method status="PASS" signature="loadPage()[pri:0, instance:com.rahul.TestSavvyTimeConverterTest@1a968a59]" name="loadPage" is-config="true" duration-ms="6404" started-at="2020-01-09T18:08:35 IST" finished-at="2020-01-09T18:08:42 IST">
          <reporter-output>
          </reporter-output>
        </test-method> <!-- loadPage -->
        <test-method status="PASS" signature="calender()[pri:0, instance:com.rahul.TestSavvyTimeConverterTest@1a968a59]" name="calender" duration-ms="2766" started-at="2020-01-09T18:08:42 IST" description="Changing Date" finished-at="2020-01-09T18:08:44 IST">
          <reporter-output>
          </reporter-output>
        </test-method> <!-- calender -->
        <test-method status="PASS" signature="loadPage()[pri:0, instance:com.rahul.TestSavvyTimeConverterTest@1a968a59]" name="loadPage" is-config="true" duration-ms="5092" started-at="2020-01-09T18:08:44 IST" finished-at="2020-01-09T18:08:49 IST">
          <reporter-output>
          </reporter-output>
        </test-method> <!-- loadPage -->
        <test-method status="PASS" signature="fetchTime()[pri:0, instance:com.rahul.TestSavvyTimeConverterTest@1a968a59]" name="fetchTime" duration-ms="51" started-at="2020-01-09T18:08:49 IST" description="fetching time of given city" finished-at="2020-01-09T18:08:49 IST">
          <reporter-output>
          </reporter-output>
        </test-method> <!-- fetchTime -->
        <test-method status="PASS" signature="loadPage()[pri:0, instance:com.rahul.TestSavvyTimeConverterTest@1a968a59]" name="loadPage" is-config="true" duration-ms="5060" started-at="2020-01-09T18:08:49 IST" finished-at="2020-01-09T18:08:55 IST">
          <reporter-output>
          </reporter-output>
        </test-method> <!-- loadPage -->
        <test-method status="PASS" signature="setFirstCity()[pri:0, instance:com.rahul.TestSavvyTimeConverterTest@1a968a59]" name="setFirstCity" duration-ms="50" started-at="2020-01-09T18:08:55 IST" description="entering First city" finished-at="2020-01-09T18:08:55 IST">
          <reporter-output>
          </reporter-output>
        </test-method> <!-- setFirstCity -->
        <test-method status="PASS" signature="loadPage()[pri:0, instance:com.rahul.TestSavvyTimeConverterTest@1a968a59]" name="loadPage" is-config="true" duration-ms="4706" started-at="2020-01-09T18:08:55 IST" finished-at="2020-01-09T18:08:59 IST">
          <reporter-output>
          </reporter-output>
        </test-method> <!-- loadPage -->
        <test-method status="PASS" signature="setSecondCity()[pri:0, instance:com.rahul.TestSavvyTimeConverterTest@1a968a59]" name="setSecondCity" duration-ms="51" started-at="2020-01-09T18:08:59 IST" description="entering second city" finished-at="2020-01-09T18:08:59 IST">
          <reporter-output>
          </reporter-output>
        </test-method> <!-- setSecondCity -->
        <test-method status="PASS" signature="loadPage()[pri:0, instance:com.rahul.TestSavvyTimeConverterTest@1a968a59]" name="loadPage" is-config="true" duration-ms="5137" started-at="2020-01-09T18:08:59 IST" finished-at="2020-01-09T18:09:04 IST">
          <reporter-output>
          </reporter-output>
        </test-method> <!-- loadPage -->
        <test-method status="PASS" signature="verifyConvertorPage()[pri:0, instance:com.rahul.TestSavvyTimeConverterTest@1a968a59]" name="verifyConvertorPage" duration-ms="43" started-at="2020-01-09T18:09:04 IST" description="Tests whether Correct page is loaded" finished-at="2020-01-09T18:09:04 IST">
          <reporter-output>
          </reporter-output>
        </test-method> <!-- verifyConvertorPage -->
        <test-method status="PASS" signature="loadPage()[pri:0, instance:com.rahul.TestSavvyTimeConverterTest@1a968a59]" name="loadPage" is-config="true" duration-ms="4783" started-at="2020-01-09T18:09:04 IST" finished-at="2020-01-09T18:09:09 IST">
          <reporter-output>
          </reporter-output>
        </test-method> <!-- loadPage -->
        <test-method status="PASS" signature="verifyDeleteButton()[pri:0, instance:com.rahul.TestSavvyTimeConverterTest@1a968a59]" name="verifyDeleteButton" duration-ms="1688" started-at="2020-01-09T18:09:09 IST" description="Verifying delete button" finished-at="2020-01-09T18:09:11 IST">
          <reporter-output>
          </reporter-output>
        </test-method> <!-- verifyDeleteButton -->
        <test-method status="PASS" signature="loadPage()[pri:0, instance:com.rahul.TestSavvyTimeConverterTest@1a968a59]" name="loadPage" is-config="true" duration-ms="4888" started-at="2020-01-09T18:09:11 IST" finished-at="2020-01-09T18:09:16 IST">
          <reporter-output>
          </reporter-output>
        </test-method> <!-- loadPage -->
        <test-method status="PASS" signature="verifySwapButton()[pri:0, instance:com.rahul.TestSavvyTimeConverterTest@1a968a59]" name="verifySwapButton" duration-ms="1459" started-at="2020-01-09T18:09:16 IST" description="Testing swap button" finished-at="2020-01-09T18:09:17 IST">
          <reporter-output>
          </reporter-output>
        </test-method> <!-- verifySwapButton -->
        <test-method status="PASS" signature="closeBrowser()[pri:0, instance:com.rahul.TestSavvyTimeConverterTest@1a968a59]" name="closeBrowser" is-config="true" duration-ms="175" started-at="2020-01-09T18:09:17 IST" finished-at="2020-01-09T18:09:17 IST">
          <reporter-output>
          </reporter-output>
        </test-method> <!-- closeBrowser -->
      </class> <!-- com.rahul.TestSavvyTimeConverterTest -->
    </test> <!-- Command line test -->
  </suite> <!-- Command line suite -->
</testng-results>
